  Main.cpp
E:\Data_Code\CC++\OpenCV4.x\watershed\OpenCV1.h(96,52): warning C4244:  “参数”: 从“double”转换到“const unsigned __int64”，可能丢失数据
E:\Data_Code\CC++\OpenCV4.x\watershed\OpenCV1.h(128,49): warning C4244:  “参数”: 从“_Tp”转换到“_Tp”，可能丢失数据
E:\Data_Code\CC++\OpenCV4.x\watershed\OpenCV1.h(128,49): warning C4244:         with
E:\Data_Code\CC++\OpenCV4.x\watershed\OpenCV1.h(128,49): warning C4244:         [
E:\Data_Code\CC++\OpenCV4.x\watershed\OpenCV1.h(128,49): warning C4244:             _Tp=float
E:\Data_Code\CC++\OpenCV4.x\watershed\OpenCV1.h(128,49): warning C4244:         ]
E:\Data_Code\CC++\OpenCV4.x\watershed\OpenCV1.h(128,49): warning C4244:         and
E:\Data_Code\CC++\OpenCV4.x\watershed\OpenCV1.h(128,49): warning C4244:         [
E:\Data_Code\CC++\OpenCV4.x\watershed\OpenCV1.h(128,49): warning C4244:             _Tp=int
E:\Data_Code\CC++\OpenCV4.x\watershed\OpenCV1.h(128,49): warning C4244:         ]
E:\Data_Code\CC++\OpenCV4.x\watershed\OpenCV1.h(128,35): warning C4244:  “参数”: 从“_Tp”转换到“_Tp”，可能丢失数据
E:\Data_Code\CC++\OpenCV4.x\watershed\OpenCV1.h(128,35): warning C4244:         with
E:\Data_Code\CC++\OpenCV4.x\watershed\OpenCV1.h(128,35): warning C4244:         [
E:\Data_Code\CC++\OpenCV4.x\watershed\OpenCV1.h(128,35): warning C4244:             _Tp=float
E:\Data_Code\CC++\OpenCV4.x\watershed\OpenCV1.h(128,35): warning C4244:         ]
E:\Data_Code\CC++\OpenCV4.x\watershed\OpenCV1.h(128,35): warning C4244:         and
E:\Data_Code\CC++\OpenCV4.x\watershed\OpenCV1.h(128,35): warning C4244:         [
E:\Data_Code\CC++\OpenCV4.x\watershed\OpenCV1.h(128,35): warning C4244:             _Tp=int
E:\Data_Code\CC++\OpenCV4.x\watershed\OpenCV1.h(128,35): warning C4244:         ]
  watershed.vcxproj -> E:\Data_Code\CC++\OpenCV4.x\x64\Debug\watershed.exe
