e:\data_code\qt\qt_opencv\src\qt_1\qt_1\x64\debug\main.obj
e:\data_code\qt\qt_opencv\src\qt_1\qt_1\x64\debug\qt_1.obj
e:\data_code\qt\qt_opencv\src\qt_1\qt_1\x64\debug\vc142.pdb
e:\data_code\qt\qt_opencv\src\qt_1\qt_1\x64\debug\qrc_qt_1.obj
e:\data_code\qt\qt_opencv\src\qt_1\qt_1\x64\debug\qrc_qt_1.asm
e:\data_code\qt\qt_opencv\src\qt_1\qt_1\x64\debug\moc_qt_1.obj
e:\data_code\qt\qt_opencv\src\qt_1\qt_1\x64\debug\moc_qt_1.asm
e:\data_code\qt\qt_opencv\src\qt_1\x64\debug\qt_1.ilk
e:\data_code\qt\qt_opencv\src\qt_1\x64\debug\qt_1.exe
e:\data_code\qt\qt_opencv\src\qt_1\x64\debug\qt_1.pdb
e:\data_code\qt\qt_opencv\src\qt_1\qt_1\x64\debug\\moc\\moc_qt_1.cpp
e:\data_code\qt\qt_opencv\src\qt_1\qt_1\x64\debug\uic\ui_qt_1.h
e:\data_code\qt\qt_opencv\src\qt_1\qt_1\x64\debug\rcc\qrc_qt_1.cpp
e:\data_code\qt\qt_opencv\src\qt_1\qt_1\x64\debug\moc\moc_qt_1.cpp
e:\data_code\qt\qt_opencv\src\qt_1\qt_1\x64\debug\\rcc\\qrc_qt_1.cpp
e:\data_code\qt\qt_opencv\src\qt_1\qt_1\x64\debug\\uic\\ui_qt_1.h
e:\data_code\qt\qt_opencv\src\qt_1\qt_1\x64\debug\qt_1.tlog\cl.13684.write.1.tlog
e:\data_code\qt\qt_opencv\src\qt_1\qt_1\x64\debug\qt_1.tlog\cl.command.1.tlog
e:\data_code\qt\qt_opencv\src\qt_1\qt_1\x64\debug\qt_1.tlog\cl.read.1.tlog
e:\data_code\qt\qt_opencv\src\qt_1\qt_1\x64\debug\qt_1.tlog\link.command.1.tlog
e:\data_code\qt\qt_opencv\src\qt_1\qt_1\x64\debug\qt_1.tlog\link.read.1.tlog
e:\data_code\qt\qt_opencv\src\qt_1\qt_1\x64\debug\qt_1.tlog\link.write.1.tlog
e:\data_code\qt\qt_opencv\src\qt_1\qt_1\x64\debug\qt_1.tlog\moc.read.1u.tlog
e:\data_code\qt\qt_opencv\src\qt_1\qt_1\x64\debug\qt_1.tlog\moc.write.1u.tlog
e:\data_code\qt\qt_opencv\src\qt_1\qt_1\x64\debug\qt_1.tlog\qt_1.write.1u.tlog
e:\data_code\qt\qt_opencv\src\qt_1\qt_1\x64\debug\qt_1.tlog\rcc.read.1u.tlog
e:\data_code\qt\qt_opencv\src\qt_1\qt_1\x64\debug\qt_1.tlog\rcc.write.1u.tlog
e:\data_code\qt\qt_opencv\src\qt_1\qt_1\x64\debug\qt_1.tlog\uic.read.1u.tlog
e:\data_code\qt\qt_opencv\src\qt_1\qt_1\x64\debug\qt_1.tlog\uic.write.1u.tlog
